<?xml version="1.0" encoding="UTF-8"?>
<testsuite name="BulletTests.CollisionRectTests" tests="2" skipped="0" failures="0" errors="0" timestamp="2019-11-25T13:28:12" hostname="LAPTOP-EOQVFR5D" time="0.006">
  <properties/>
  <testcase name="CollidesWithPositiveTest()" classname="BulletTests.CollisionRectTests" time="0.005"/>
  <testcase name="CollidesWithNegativeTest()" classname="BulletTests.CollisionRectTests" time="0.001"/>
  <system-out><![CDATA[]]></system-out>
  <system-err><![CDATA[]]></system-err>
</testsuite>
